Change Component Designator: Old Designator=C98 New Designator=C?
Change Component Designator: Old Designator=D37 New Designator=D?
Change Component Designator: Old Designator=D38 New Designator=D?
Change Component Designator: Old Designator=D39 New Designator=D?
Change Component Designator: Old Designator=D40 New Designator=D?
Change Component Designator: Old Designator=D41 New Designator=D?
Change Component Designator: Old Designator=D42 New Designator=D?
Change Component Designator: Old Designator=J10 New Designator=J?
Change Component Designator: Old Designator=J11 New Designator=J?
Change Component Designator: Old Designator=J12 New Designator=J?
Change Component Designator: Old Designator=J13 New Designator=J?
Change Component Designator: Old Designator=J14 New Designator=J?
Change Component Designator: Old Designator=J15 New Designator=J?
Change Component Designator: Old Designator=J16 New Designator=J?
Change Component Designator: Old Designator=J17 New Designator=J?
Change Component Designator: Old Designator=J18 New Designator=J?
Change Component Designator: Old Designator=J19 New Designator=J?
Change Component Designator: Old Designator=J20 New Designator=J?
Change Component Designator: Old Designator=J21 New Designator=J?
Change Component Designator: Old Designator=J22 New Designator=J?
Change Component Designator: Old Designator=J23 New Designator=J?
Change Component Designator: Old Designator=J24 New Designator=J?
Change Component Designator: Old Designator=J25 New Designator=J?
Change Component Designator: Old Designator=J26 New Designator=J?
Change Component Designator: Old Designator=J27 New Designator=J?
Change Component Designator: Old Designator=J28 New Designator=J?
Change Component Designator: Old Designator=Jp10 New Designator=Jp?
Change Component Designator: Old Designator=Jp11 New Designator=Jp?
Change Component Designator: Old Designator=R94 New Designator=R?
Change Component Designator: Old Designator=R95 New Designator=R?
