Change Component Comment : Designator=R97 Old Comment=1k 0.5W New Comment=100 0.5W
Change Component Comment : Designator=R107 Old Comment=1k 0.5W New Comment=100 0.5W
Change Component Comment : Designator=R115 Old Comment=1k 0.5W New Comment=100 0.5W
Change Component Comment : Designator=R121 Old Comment=1k 0.5W New Comment=100 0.5W
Change Component Comment : Designator=R133 Old Comment=1k New Comment=10k
Change Component Comment : Designator=R134 Old Comment=1k New Comment=10k
Change Component Comment : Designator=R152 Old Comment=1k New Comment=10k
Change Component Comment : Designator=R153 Old Comment=1k New Comment=10k
Change Component Comment : Designator=R158 Old Comment=1k New Comment=10k
Change Component Comment : Designator=R159 Old Comment=1k New Comment=10k
Change Component Comment : Designator=R177 Old Comment=1k New Comment=10k
Change Component Comment : Designator=R178 Old Comment=1k New Comment=10k
Change Component Comment : Designator=R10 Old Comment=2.7k New Comment=3.3k
Change Component Comment : Designator=R145 Old Comment=15 New Comment=10 0.5W
Change Component Comment : Designator=R170 Old Comment=15 New Comment=10 0.5W
Change Component Comment : Designator=D36 Old Comment=Zener 5.2V New Comment=5.2V
Change Component Designator: OldDesignator=J? NewDesignator=J29
Added Component: Designator=C29(0603)
Added Component: Designator=C30(0603)
Added Component: Designator=C106(0603)
Add component (AddParameter): Name = "Supplier 1"; Value = "Digi-Key"; VariantName = "[No Variations]"
Add component (AddParameter): Name = "Supplier 2"; Value = "Digi-Key"; VariantName = "[No Variations]"
Add component (AddParameter): Name = "Supplier 3"; Value = "Digi-Key"; VariantName = "[No Variations]"
Add component (AddParameter): Name = "Supplier 4"; Value = "Digi-Key"; VariantName = "[No Variations]"
Add component (AddParameter): Name = "Supplier 5"; Value = "Digi-Key"; VariantName = "[No Variations]"
Add component (AddParameter): Name = "Supplier 6"; Value = "Digi-Key"; VariantName = "[No Variations]"
Add component (AddParameter): Name = "Supplier 7"; Value = "Digi-Key"; VariantName = "[No Variations]"
Add component (AddParameter): Name = "Supplier 8"; Value = "Digi-Key"; VariantName = "[No Variations]"
Add component (AddParameter): Name = "Supplier 9"; Value = "Digi-Key"; VariantName = "[No Variations]"
Add component (AddParameter): Name = "Supplier 10"; Value = "Digi-Key"; VariantName = "[No Variations]"
Add component (AddParameter): Name = "Supplier 11"; Value = "Digi-Key"; VariantName = "[No Variations]"
Add component (AddParameter): Name = "Supplier 12"; Value = "Digi-Key"; VariantName = "[No Variations]"
Add component (AddParameter): Name = "Supplier 13"; Value = "Digi-Key"; VariantName = "[No Variations]"
Add component (AddParameter): Name = "Supplier 14"; Value = "Digi-Key"; VariantName = "[No Variations]"
Add component (AddParameter): Name = "Supplier 15"; Value = "Digi-Key"; VariantName = "[No Variations]"
Add component (AddParameter): Name = "Supplier 16"; Value = "Digi-Key"; VariantName = "[No Variations]"
Add component (AddParameter): Name = "Supplier 17"; Value = "Digi-Key"; VariantName = "[No Variations]"
Add component (AddParameter): Name = "Supplier 18"; Value = "Digi-Key"; VariantName = "[No Variations]"
Add component (AddParameter): Name = "Supplier 19"; Value = "Digi-Key"; VariantName = "[No Variations]"
Add component (AddParameter): Name = "Supplier 20"; Value = "Digi-Key"; VariantName = "[No Variations]"
Add component (AddParameter): Name = "Supplier 21"; Value = "Digi-Key"; VariantName = "[No Variations]"
Add component (AddParameter): Name = "Supplier 22"; Value = "Digi-Key"; VariantName = "[No Variations]"
Add component (AddParameter): Name = "Supplier Part Number 1"; Value = "1276-2044-1-ND"; VariantName = "[No Variations]"
Add component (AddParameter): Name = "Supplier Part Number 2"; Value = "1276-1018-1-ND"; VariantName = "[No Variations]"
Add component (AddParameter): Name = "Supplier Part Number 3"; Value = "1276-1182-1-ND"; VariantName = "[No Variations]"
Add component (AddParameter): Name = "Supplier Part Number 4"; Value = "1276-1009-1-ND"; VariantName = "[No Variations]"
Add component (AddParameter): Name = "Supplier Part Number 5"; Value = "1276-1098-1-ND"; VariantName = "[No Variations]"
Add component (AddParameter): Name = "Supplier Part Number 6"; Value = "1276-1119-1-ND"; VariantName = "[No Variations]"
Add component (AddParameter): Name = "Supplier Part Number 7"; Value = "490-12737-1-ND"; VariantName = "[No Variations]"
Add component (AddParameter): Name = "Supplier Part Number 8"; Value = "1276-1183-1-ND"; VariantName = "[No Variations]"
Add component (AddParameter): Name = "Supplier Part Number 9"; Value = "587-1249-1-ND"; VariantName = "[No Variations]"
Add component (AddParameter): Name = "Supplier Part Number 10"; Value = "1276-CL10B104KB8NNNLCT-ND"; VariantName = "[No Variations]"
Add component (AddParameter): Name = "Supplier Part Number 11"; Value = "399-1085-1-ND"; VariantName = "[No Variations]"
Add component (AddParameter): Name = "Supplier Part Number 12"; Value = "1276-1021-1-ND"; VariantName = "[No Variations]"
Add component (AddParameter): Name = "Supplier Part Number 13"; Value = "587-2985-1-ND"; VariantName = "[No Variations]"
Add component (AddParameter): Name = "Supplier Part Number 14"; Value = "490-14603-1-ND"; VariantName = "[No Variations]"
Add component (AddParameter): Name = "Supplier Part Number 15"; Value = "311-3700-1-ND"; VariantName = "[No Variations]"
Add component (AddParameter): Name = "Supplier Part Number 16"; Value = "311-1042-1-ND"; VariantName = "[No Variations]"
Add component (AddParameter): Name = "Supplier Part Number 17"; Value = "311-1415-1-ND"; VariantName = "[No Variations]"
Add component (AddParameter): Name = "Supplier Part Number 18"; Value = "1276-1907-1-ND"; VariantName = "[No Variations]"
Add component (AddParameter): Name = "Supplier Part Number 19"; Value = "587-4321-1-ND"; VariantName = "[No Variations]"
Add component (AddParameter): Name = "Supplier Part Number 20"; Value = "1276-6767-1-ND"; VariantName = "[No Variations]"
Add component (AddParameter): Name = "Supplier Part Number 21"; Value = "1276-7060-1-ND"; VariantName = "[No Variations]"
Add component (AddParameter): Name = "Supplier Part Number 22"; Value = "311-1084-1-ND"; VariantName = "[No Variations]"
Added Component: Designator=C122(0603)
Add component (AddParameter): Name = "Supplier 1"; Value = "Digi-Key"; VariantName = "[No Variations]"
Add component (AddParameter): Name = "Supplier 2"; Value = "Digi-Key"; VariantName = "[No Variations]"
Add component (AddParameter): Name = "Supplier 3"; Value = "Digi-Key"; VariantName = "[No Variations]"
Add component (AddParameter): Name = "Supplier 4"; Value = "Digi-Key"; VariantName = "[No Variations]"
Add component (AddParameter): Name = "Supplier 5"; Value = "Digi-Key"; VariantName = "[No Variations]"
Add component (AddParameter): Name = "Supplier 6"; Value = "Digi-Key"; VariantName = "[No Variations]"
Add component (AddParameter): Name = "Supplier 7"; Value = "Digi-Key"; VariantName = "[No Variations]"
Add component (AddParameter): Name = "Supplier 8"; Value = "Digi-Key"; VariantName = "[No Variations]"
Add component (AddParameter): Name = "Supplier 9"; Value = "Digi-Key"; VariantName = "[No Variations]"
Add component (AddParameter): Name = "Supplier 10"; Value = "Digi-Key"; VariantName = "[No Variations]"
Add component (AddParameter): Name = "Supplier 11"; Value = "Digi-Key"; VariantName = "[No Variations]"
Add component (AddParameter): Name = "Supplier 12"; Value = "Digi-Key"; VariantName = "[No Variations]"
Add component (AddParameter): Name = "Supplier 13"; Value = "Digi-Key"; VariantName = "[No Variations]"
Add component (AddParameter): Name = "Supplier 14"; Value = "Digi-Key"; VariantName = "[No Variations]"
Add component (AddParameter): Name = "Supplier 15"; Value = "Digi-Key"; VariantName = "[No Variations]"
Add component (AddParameter): Name = "Supplier 16"; Value = "Digi-Key"; VariantName = "[No Variations]"
Add component (AddParameter): Name = "Supplier 17"; Value = "Digi-Key"; VariantName = "[No Variations]"
Add component (AddParameter): Name = "Supplier 18"; Value = "Digi-Key"; VariantName = "[No Variations]"
Add component (AddParameter): Name = "Supplier 19"; Value = "Digi-Key"; VariantName = "[No Variations]"
Add component (AddParameter): Name = "Supplier 20"; Value = "Digi-Key"; VariantName = "[No Variations]"
Add component (AddParameter): Name = "Supplier 21"; Value = "Digi-Key"; VariantName = "[No Variations]"
Add component (AddParameter): Name = "Supplier 22"; Value = "Digi-Key"; VariantName = "[No Variations]"
Add component (AddParameter): Name = "Supplier Part Number 1"; Value = "1276-2044-1-ND"; VariantName = "[No Variations]"
Add component (AddParameter): Name = "Supplier Part Number 2"; Value = "1276-1018-1-ND"; VariantName = "[No Variations]"
Add component (AddParameter): Name = "Supplier Part Number 3"; Value = "1276-1182-1-ND"; VariantName = "[No Variations]"
Add component (AddParameter): Name = "Supplier Part Number 4"; Value = "1276-1009-1-ND"; VariantName = "[No Variations]"
Add component (AddParameter): Name = "Supplier Part Number 5"; Value = "1276-1098-1-ND"; VariantName = "[No Variations]"
Add component (AddParameter): Name = "Supplier Part Number 6"; Value = "1276-1119-1-ND"; VariantName = "[No Variations]"
Add component (AddParameter): Name = "Supplier Part Number 7"; Value = "490-12737-1-ND"; VariantName = "[No Variations]"
Add component (AddParameter): Name = "Supplier Part Number 8"; Value = "1276-1183-1-ND"; VariantName = "[No Variations]"
Add component (AddParameter): Name = "Supplier Part Number 9"; Value = "587-1249-1-ND"; VariantName = "[No Variations]"
Add component (AddParameter): Name = "Supplier Part Number 10"; Value = "1276-CL10B104KB8NNNLCT-ND"; VariantName = "[No Variations]"
Add component (AddParameter): Name = "Supplier Part Number 11"; Value = "399-1085-1-ND"; VariantName = "[No Variations]"
Add component (AddParameter): Name = "Supplier Part Number 12"; Value = "1276-1021-1-ND"; VariantName = "[No Variations]"
Add component (AddParameter): Name = "Supplier Part Number 13"; Value = "587-2985-1-ND"; VariantName = "[No Variations]"
Add component (AddParameter): Name = "Supplier Part Number 14"; Value = "490-14603-1-ND"; VariantName = "[No Variations]"
Add component (AddParameter): Name = "Supplier Part Number 15"; Value = "311-3700-1-ND"; VariantName = "[No Variations]"
Add component (AddParameter): Name = "Supplier Part Number 16"; Value = "311-1042-1-ND"; VariantName = "[No Variations]"
Add component (AddParameter): Name = "Supplier Part Number 17"; Value = "311-1415-1-ND"; VariantName = "[No Variations]"
Add component (AddParameter): Name = "Supplier Part Number 18"; Value = "1276-1907-1-ND"; VariantName = "[No Variations]"
Add component (AddParameter): Name = "Supplier Part Number 19"; Value = "587-4321-1-ND"; VariantName = "[No Variations]"
Add component (AddParameter): Name = "Supplier Part Number 20"; Value = "1276-6767-1-ND"; VariantName = "[No Variations]"
Add component (AddParameter): Name = "Supplier Part Number 21"; Value = "1276-7060-1-ND"; VariantName = "[No Variations]"
Add component (AddParameter): Name = "Supplier Part Number 22"; Value = "311-1084-1-ND"; VariantName = "[No Variations]"
Added Component: Designator=R179(0603)
Added Pin To Net: NetName=GND Pin=C29-1
Added Pin To Net: NetName=+VDrive Pin=C29-2
Added Pin To Net: NetName=GND Pin=C30-1
Added Pin To Net: NetName=+VDrive Pin=C30-2
Added Pin To Net: NetName=NetC101_1 Pin=C106-1
Added Pin To Net: NetName=GND Pin=C106-2
Added Pin To Net: NetName=NetC117_1 Pin=C122-1
Added Pin To Net: NetName=GND Pin=C122-2
Added Pin To Net: NetName=GND Pin=R179-2
Added Pin To Net: NetName=NetMCU1_92 Pin=MCU1-92
Added Pin To Net: NetName=NetMCU1_92 Pin=R179-1
Added Net: Name=NetMCU1_92
Added Pin To Net: NetName=NetMCU1_93 Pin=MCU1-93
Added Net: Name=NetMCU1_93
Added Pin To Net: NetName=NetMCU1_94 Pin=MCU1-94
Added Net: Name=NetMCU1_94
Added Pin To Net: NetName=NetMCU1_97 Pin=MCU1-97
Added Net: Name=NetMCU1_97
Added Pin To Net: NetName=NetMCU1_98 Pin=MCU1-98
Added Net: Name=NetMCU1_98
Added Pin To Net: NetName=NetMCU1_99 Pin=MCU1-99
Added Net: Name=NetMCU1_99
Added Member To Class: ClassName=Power Supply Member=Component C29 100nF
Added Member To Class: ClassName=Power Supply Member=Component C30 100nF
Added Member To Class: ClassName=GDT Driver powerstage Member=Component C106 100nF
Added Member To Class: ClassName=GDT Driver powerstage Member=Component C122 100nF
Added Member To Class: ClassName=UD3.1 Member=Component R179 22
